
2019-03-05 09:41:03...installerHook: Info: custom/install/install_hooks.php not present, no custom hooks to execute
2019-03-05 09:41:25...installerHook: Info: custom/install/install_hooks.php not present, no custom hooks to execute
2019-03-05 09:43:55...Begin System Check Process *************
2019-03-05 09:43:55...XML Parsing Support Found
2019-03-05 09:43:55...MBString Support Found
2019-03-05 09:43:55...ZIP Support Found
2019-03-05 09:43:55.../custom directory and subdirectory check passed
2019-03-05 09:43:55...cache directory and subdirectory check passed
2019-03-05 09:44:06.../module  directory and subdirectory check passed
2019-03-05 09:44:06.../upload directory check passed
2019-03-05 09:44:06.../zip check passed
2019-03-05 09:44:06...PCRE version check passed
2019-03-05 09:44:06...installerHook: Info: custom/install/install_hooks.php not present, no custom hooks to execute
2019-03-05 09:44:06...php.ini location found. C:\wamp64\bin\apache\apache2.4.37\bin\php.ini
2019-03-05 09:44:06...Outputting HTML for System check
2019-03-05 09:44:06...No Errors were found *************
2019-03-05 09:44:06...installerHook: Info: custom/install/install_hooks.php not present, no custom hooks to execute
2019-03-05 09:44:20...installerHook: Info: custom/install/install_hooks.php not present, no custom hooks to execute
2019-03-05 09:50:33...Begin DB Check Process *************
2019-03-05 09:50:33...testing with mysql:mysqli
2019-03-05 09:50:33...Basic form info is valid, continuing Process.
2019-03-05 09:50:33...Testing user account...
2019-03-05 09:50:33...Connection made using  host: 127.0.0.1, usr: root
2019-03-05 09:50:33...SUCCESS:: no errors detected!
2019-03-05 09:50:33...End DB Check Process *************
2019-03-05 09:50:34...installerHook: Info: custom/install/install_hooks.php not present, no custom hooks to execute
2019-03-05 09:50:34...calling handleSugarConfig()
2019-03-05 09:50:34...calling handleHtaccess()
2019-03-05 09:50:34...calling handleDbCreateDatabase()
2019-03-05 09:50:35...looping through all the Beans and create their tables
2019-03-05 09:50:35...processing table acl_actions
2019-03-05 09:50:35...creating table acl_actions
2019-03-05 09:50:35...creating Relationship Meta for ACLAction
2019-03-05 09:50:35...processing table acl_roles
2019-03-05 09:50:36...creating table acl_roles
2019-03-05 09:50:36...creating Relationship Meta for ACLRole
2019-03-05 09:50:36...processing table relationships
2019-03-05 09:50:36...creating table relationships
2019-03-05 09:50:36...creating Relationship Meta for Relationship
2019-03-05 09:50:36...processing table leads
2019-03-05 09:50:39...creating table leads
2019-03-05 09:50:39...creating Relationship Meta for Lead
2019-03-05 09:50:40...processing table cases
2019-03-05 09:50:41...creating table cases
2019-03-05 09:50:41...creating Relationship Meta for Case
2019-03-05 09:50:41...processing table bugs
2019-03-05 09:50:43...creating table bugs
2019-03-05 09:50:43...creating Relationship Meta for Bug
2019-03-05 09:50:43...processing table users
2019-03-05 09:50:44...creating table users
2019-03-05 09:50:44...creating Relationship Meta for User
2019-03-05 09:50:44...processing table campaign_log
2019-03-05 09:50:45...creating table campaign_log
2019-03-05 09:50:45...creating Relationship Meta for CampaignLog
2019-03-05 09:50:45...processing table project
2019-03-05 09:50:46...creating table project
2019-03-05 09:50:46...creating Relationship Meta for Project
2019-03-05 09:50:46...processing table project_task
2019-03-05 09:50:47...creating table project_task
2019-03-05 09:50:47...creating Relationship Meta for ProjectTask
2019-03-05 09:50:47...processing table campaigns
2019-03-05 09:50:49...creating table campaigns
2019-03-05 09:50:49...creating Relationship Meta for Campaign
2019-03-05 09:50:49...processing table prospect_lists
2019-03-05 09:50:50...creating table prospect_lists
2019-03-05 09:50:50...creating Relationship Meta for ProspectList
2019-03-05 09:50:50...processing table prospects
2019-03-05 09:50:52...creating table prospects
2019-03-05 09:50:52...creating Relationship Meta for Prospect
2019-03-05 09:50:53...processing table email_marketing
2019-03-05 09:50:55...creating table email_marketing
2019-03-05 09:50:55...creating Relationship Meta for EmailMarketing
2019-03-05 09:50:55...processing table campaign_trkrs
2019-03-05 09:50:55...creating table campaign_trkrs
2019-03-05 09:50:55...creating Relationship Meta for CampaignTracker
2019-03-05 09:50:55...processing table releases
2019-03-05 09:50:56...creating table releases
2019-03-05 09:50:56...creating Relationship Meta for Release
2019-03-05 09:50:56...processing table emailman
2019-03-05 09:50:56...creating table emailman
2019-03-05 09:50:56...creating Relationship Meta for EmailMan
2019-03-05 09:50:56...processing table schedulers
2019-03-05 09:50:57...creating table schedulers
2019-03-05 09:50:57...creating Relationship Meta for Scheduler
2019-03-05 09:50:57...processing table job_queue
2019-03-05 09:50:58...creating table job_queue
2019-03-05 09:50:58...creating Relationship Meta for SchedulersJob
2019-03-05 09:50:58...processing table contacts
2019-03-05 09:50:59...creating table contacts
2019-03-05 09:50:59...creating Relationship Meta for Contact
2019-03-05 09:51:00...processing table accounts
2019-03-05 09:51:02...creating table accounts
2019-03-05 09:51:02...creating Relationship Meta for Account
2019-03-05 09:51:02...processing table opportunities
2019-03-05 09:51:04...creating table opportunities
2019-03-05 09:51:04...creating Relationship Meta for Opportunity
2019-03-05 09:51:05...processing table email_templates
2019-03-05 09:51:06...creating table email_templates
2019-03-05 09:51:06...creating Relationship Meta for EmailTemplate
2019-03-05 09:51:06...processing table notes
2019-03-05 09:51:07...creating table notes
2019-03-05 09:51:07...creating Relationship Meta for Note
2019-03-05 09:51:07...processing table calls
2019-03-05 09:51:09...creating table calls
2019-03-05 09:51:09...creating Relationship Meta for Call
2019-03-05 09:51:09...processing table emails
2019-03-05 09:51:10...creating table emails
2019-03-05 09:51:10...creating Relationship Meta for Email
2019-03-05 09:51:10...processing table meetings
2019-03-05 09:51:12...creating table meetings
2019-03-05 09:51:12...creating Relationship Meta for Meeting
2019-03-05 09:51:12...processing table tasks
2019-03-05 09:51:14...creating table tasks
2019-03-05 09:51:14...creating Relationship Meta for Task
2019-03-05 09:51:14...processing table users
2019-03-05 09:51:14...processing table users
2019-03-05 09:51:14...processing table currencies
2019-03-05 09:51:14...creating table currencies
2019-03-05 09:51:14...creating Relationship Meta for Currency
2019-03-05 09:51:14...processing table tracker
2019-03-05 09:51:15...creating table tracker
2019-03-05 09:51:15...creating Relationship Meta for Tracker
2019-03-05 09:51:15...processing table import_maps
2019-03-05 09:51:15...creating table import_maps
2019-03-05 09:51:15...creating Relationship Meta for ImportMap
2019-03-05 09:51:15...processing table users_last_import
2019-03-05 09:51:16...creating table users_last_import
2019-03-05 09:51:16...creating Relationship Meta for UsersLastImport
2019-03-05 09:51:16...processing table config
2019-03-05 09:51:17...creating table config
2019-03-05 09:51:17...creating Relationship Meta for Administration
2019-03-05 09:51:17...processing table upgrade_history
2019-03-05 09:51:17...creating table upgrade_history
2019-03-05 09:51:17...creating Relationship Meta for UpgradeHistory
2019-03-05 09:51:17...processing table vcals
2019-03-05 09:51:18...creating table vcals
2019-03-05 09:51:18...creating Relationship Meta for vCal
2019-03-05 09:51:18...processing table alerts
2019-03-05 09:51:19...creating table alerts
2019-03-05 09:51:19...creating Relationship Meta for Alert
2019-03-05 09:51:19...processing table roles
2019-03-05 09:51:19...creating table roles
2019-03-05 09:51:19...creating Relationship Meta for Role
2019-03-05 09:51:19...processing table documents
2019-03-05 09:51:21...creating table documents
2019-03-05 09:51:21...creating Relationship Meta for Document
2019-03-05 09:51:21...processing table document_revisions
2019-03-05 09:51:21...creating table document_revisions
2019-03-05 09:51:21...creating Relationship Meta for DocumentRevision
2019-03-05 09:51:21...processing table fields_meta_data
2019-03-05 09:51:22...creating table fields_meta_data
2019-03-05 09:51:22...creating Relationship Meta for FieldsMetaData
2019-03-05 09:51:22...processing table inbound_email
2019-03-05 09:51:23...creating table inbound_email
2019-03-05 09:51:23...creating Relationship Meta for InboundEmail
2019-03-05 09:51:23...processing table saved_search
2019-03-05 09:51:23...creating table saved_search
2019-03-05 09:51:23...creating Relationship Meta for SavedSearch
2019-03-05 09:51:24...processing table user_preferences
2019-03-05 09:51:24...creating table user_preferences
2019-03-05 09:51:24...creating Relationship Meta for UserPreference
2019-03-05 09:51:24...processing table 
2019-03-05 09:51:24...processing table email_addresses
2019-03-05 09:51:25...creating table email_addresses
2019-03-05 09:51:25...creating Relationship Meta for EmailAddress
2019-03-05 09:51:25...processing table emails_text
2019-03-05 09:51:25...creating table emails_text
2019-03-05 09:51:25...creating Relationship Meta for EmailText
2019-03-05 09:51:25...processing table spots
2019-03-05 09:51:26...creating table spots
2019-03-05 09:51:26...creating Relationship Meta for Spots
2019-03-05 09:51:26...processing table aobh_businesshours
2019-03-05 09:51:27...creating table aobh_businesshours
2019-03-05 09:51:27...creating Relationship Meta for AOBH_BusinessHours
2019-03-05 09:51:27...processing table sugarfeed
2019-03-05 09:51:27...creating table sugarfeed
2019-03-05 09:51:27...creating Relationship Meta for SugarFeed
2019-03-05 09:51:27...processing table eapm
2019-03-05 09:51:28...creating table eapm
2019-03-05 09:51:28...creating Relationship Meta for EAPM
2019-03-05 09:51:29...processing table oauth_consumer
2019-03-05 09:51:29...creating table oauth_consumer
2019-03-05 09:51:29...creating Relationship Meta for OAuthKey
2019-03-05 09:51:29...processing table oauth_tokens
2019-03-05 09:51:30...creating table oauth_tokens
2019-03-05 09:51:30...creating Relationship Meta for OAuthToken
2019-03-05 09:51:30...processing table am_projecttemplates
2019-03-05 09:51:31...creating table am_projecttemplates
2019-03-05 09:51:31...creating Relationship Meta for AM_ProjectTemplates
2019-03-05 09:51:32...processing table am_tasktemplates
2019-03-05 09:51:33...creating table am_tasktemplates
2019-03-05 09:51:33...creating Relationship Meta for AM_TaskTemplates
2019-03-05 09:51:33...processing table favorites
2019-03-05 09:51:34...creating table favorites
2019-03-05 09:51:34...creating Relationship Meta for Favorites
2019-03-05 09:51:34...processing table aok_knowledge_base_categories
2019-03-05 09:51:35...creating table aok_knowledge_base_categories
2019-03-05 09:51:35...creating Relationship Meta for AOK_Knowledge_Base_Categories
2019-03-05 09:51:36...processing table aok_knowledgebase
2019-03-05 09:51:37...creating table aok_knowledgebase
2019-03-05 09:51:37...creating Relationship Meta for AOK_KnowledgeBase
2019-03-05 09:51:37...processing table reminders
2019-03-05 09:51:38...creating table reminders
2019-03-05 09:51:38...creating Relationship Meta for Reminder
2019-03-05 09:51:38...processing table reminders_invitees
2019-03-05 09:51:39...creating table reminders_invitees
2019-03-05 09:51:39...creating Relationship Meta for Reminder_Invitee
2019-03-05 09:51:39...processing table fp_events
2019-03-05 09:51:41...creating table fp_events
2019-03-05 09:51:41...creating Relationship Meta for FP_events
2019-03-05 09:51:41...processing table fp_event_locations
2019-03-05 09:51:42...creating table fp_event_locations
2019-03-05 09:51:42...creating Relationship Meta for FP_Event_Locations
2019-03-05 09:51:43...processing table aod_indexevent
2019-03-05 09:51:44...creating table aod_indexevent
2019-03-05 09:51:44...creating Relationship Meta for AOD_IndexEvent
2019-03-05 09:51:44...processing table aod_index
2019-03-05 09:51:46...creating table aod_index
2019-03-05 09:51:46...creating Relationship Meta for AOD_Index
2019-03-05 09:51:46...processing table aop_case_events
2019-03-05 09:51:48...creating table aop_case_events
2019-03-05 09:51:48...creating Relationship Meta for AOP_Case_Events
2019-03-05 09:51:48...processing table aop_case_updates
2019-03-05 09:51:49...creating table aop_case_updates
2019-03-05 09:51:49...creating Relationship Meta for AOP_Case_Updates
2019-03-05 09:51:49...processing table aor_reports
2019-03-05 09:51:51...creating table aor_reports
2019-03-05 09:51:51...creating Relationship Meta for AOR_Report
2019-03-05 09:51:51...processing table aor_fields
2019-03-05 09:51:51...creating table aor_fields
2019-03-05 09:51:51...creating Relationship Meta for AOR_Field
2019-03-05 09:51:52...processing table aor_charts
2019-03-05 09:51:52...creating table aor_charts
2019-03-05 09:51:52...creating Relationship Meta for AOR_Chart
2019-03-05 09:51:52...processing table aor_conditions
2019-03-05 09:51:53...creating table aor_conditions
2019-03-05 09:51:53...creating Relationship Meta for AOR_Condition
2019-03-05 09:51:53...processing table aor_scheduled_reports
2019-03-05 09:51:54...creating table aor_scheduled_reports
2019-03-05 09:51:54...creating Relationship Meta for AOR_Scheduled_Reports
2019-03-05 09:51:54...processing table aos_contracts
2019-03-05 09:51:56...creating table aos_contracts
2019-03-05 09:51:56...creating Relationship Meta for AOS_Contracts
2019-03-05 09:51:56...processing table aos_invoices
2019-03-05 09:51:58...creating table aos_invoices
2019-03-05 09:51:58...creating Relationship Meta for AOS_Invoices
2019-03-05 09:51:58...processing table aos_pdf_templates
2019-03-05 09:52:00...creating table aos_pdf_templates
2019-03-05 09:52:00...creating Relationship Meta for AOS_PDF_Templates
2019-03-05 09:52:00...processing table aos_product_categories
2019-03-05 09:52:02...creating table aos_product_categories
2019-03-05 09:52:02...creating Relationship Meta for AOS_Product_Categories
2019-03-05 09:52:02...processing table aos_products
2019-03-05 09:52:04...creating table aos_products
2019-03-05 09:52:04...creating Relationship Meta for AOS_Products
2019-03-05 09:52:04...processing table aos_products_quotes
2019-03-05 09:52:06...creating table aos_products_quotes
2019-03-05 09:52:06...creating Relationship Meta for AOS_Products_Quotes
2019-03-05 09:52:06...processing table aos_line_item_groups
2019-03-05 09:52:07...creating table aos_line_item_groups
2019-03-05 09:52:07...creating Relationship Meta for AOS_Line_Item_Groups
2019-03-05 09:52:07...processing table aos_quotes
2019-03-05 09:52:09...creating table aos_quotes
2019-03-05 09:52:09...creating Relationship Meta for AOS_Quotes
2019-03-05 09:52:09...processing table aow_actions
2019-03-05 09:52:10...creating table aow_actions
2019-03-05 09:52:10...creating Relationship Meta for AOW_Action
2019-03-05 09:52:10...processing table aow_workflow
2019-03-05 09:52:12...creating table aow_workflow
2019-03-05 09:52:12...creating Relationship Meta for AOW_WorkFlow
2019-03-05 09:52:12...processing table aow_processed
2019-03-05 09:52:13...creating table aow_processed
2019-03-05 09:52:13...creating Relationship Meta for AOW_Processed
2019-03-05 09:52:13...processing table aow_conditions
2019-03-05 09:52:14...creating table aow_conditions
2019-03-05 09:52:14...creating Relationship Meta for AOW_Condition
2019-03-05 09:52:14...processing table jjwg_maps
2019-03-05 09:52:15...creating table jjwg_maps
2019-03-05 09:52:15...creating Relationship Meta for jjwg_Maps
2019-03-05 09:52:16...processing table jjwg_markers
2019-03-05 09:52:17...creating table jjwg_markers
2019-03-05 09:52:17...creating Relationship Meta for jjwg_Markers
2019-03-05 09:52:17...processing table jjwg_areas
2019-03-05 09:52:19...creating table jjwg_areas
2019-03-05 09:52:19...creating Relationship Meta for jjwg_Areas
2019-03-05 09:52:19...processing table jjwg_address_cache
2019-03-05 09:52:20...creating table jjwg_address_cache
2019-03-05 09:52:20...creating Relationship Meta for jjwg_Address_Cache
2019-03-05 09:52:20...processing table calls_reschedule
2019-03-05 09:52:22...creating table calls_reschedule
2019-03-05 09:52:22...creating Relationship Meta for Calls_Reschedule
2019-03-05 09:52:22...processing table securitygroups
2019-03-05 09:52:24...creating table securitygroups
2019-03-05 09:52:24...creating Relationship Meta for SecurityGroup
2019-03-05 09:52:24...processing table outbound_email
2019-03-05 09:52:25...creating table outbound_email
2019-03-05 09:52:25...creating Relationship Meta for OutboundEmailAccounts
2019-03-05 09:52:25...processing table templatesectionline
2019-03-05 09:52:27...creating table templatesectionline
2019-03-05 09:52:27...creating Relationship Meta for TemplateSectionLine
2019-03-05 09:52:27...processing table oauth2tokens
2019-03-05 09:52:27...creating table oauth2tokens
2019-03-05 09:52:27...creating Relationship Meta for OAuth2Tokens
2019-03-05 09:52:27...processing table oauth2clients
2019-03-05 09:52:28...creating table oauth2clients
2019-03-05 09:52:28...creating Relationship Meta for OAuth2Clients
2019-03-05 09:52:28...processing table surveyresponses
2019-03-05 09:52:29...creating table surveyresponses
2019-03-05 09:52:29...creating Relationship Meta for SurveyResponses
2019-03-05 09:52:29...processing table surveys
2019-03-05 09:52:31...creating table surveys
2019-03-05 09:52:31...creating Relationship Meta for Surveys
2019-03-05 09:52:31...processing table surveyquestionresponses
2019-03-05 09:52:32...creating table surveyquestionresponses
2019-03-05 09:52:32...creating Relationship Meta for SurveyQuestionResponses
2019-03-05 09:52:32...processing table surveyquestions
2019-03-05 09:52:34...creating table surveyquestions
2019-03-05 09:52:34...creating Relationship Meta for SurveyQuestions
2019-03-05 09:52:34...processing table surveyquestionoptions
2019-03-05 09:52:35...creating table surveyquestionoptions
2019-03-05 09:52:35...creating Relationship Meta for SurveyQuestionOptions
2019-03-05 09:53:25...Begin creating Defaults
2019-03-05 09:53:25...insert defaults into config table
2019-03-05 09:53:26...Creating default users
2019-03-05 09:53:26...Creating default scheduler jobs
2019-03-05 09:53:27...Enable SugarFeeds
2019-03-05 09:53:28...Installation has completed *********
2019-03-05 09:54:28...populating the db with seed data
2019-03-05 10:02:20...Save configuration settings..
2019-03-05 10:02:20...save locale
2019-03-05 10:02:20...new Administration
2019-03-05 10:02:20...retrieveSettings
2019-03-05 10:02:20...AdminWizard OFF
2019-03-05 10:02:20...saveConfig
2019-03-05 10:02:20...new Configurator
2019-03-05 10:02:20...populateFromPost
2019-03-05 10:02:20...handleOverride
2019-03-05 10:02:20...addCronAllowedUser
2019-03-05 10:02:20...saveConfig
2019-03-05 10:02:20...new Currency
2019-03-05 10:02:20...retrieve
2019-03-05 10:02:20...DBG: save currency
2019-03-05 10:02:20...Save user settings..
2019-03-05 10:02:20...DBG: SugarThemeRegistry::getDefault
2019-03-05 10:02:29...installerHook: Info: custom/install/install_hooks.php not present, no custom hooks to execute