Tue, 05 Mar 2019 14:45:25 +0000 [UpgradeWizard] - setting session variables...
Tue, 05 Mar 2019 14:45:25 +0000 [UpgradeWizard] - -----------------------------------------------------------------------------
Tue, 05 Mar 2019 14:45:25 +0000 [UpgradeWizard] - Upgrade started. At start.php
Tue, 05 Mar 2019 14:45:25 +0000 [UpgradeWizard] - at unlinkUWTempFiles()
Tue, 05 Mar 2019 14:45:29 +0000 [UpgradeWizard] - finished!
Tue, 05 Mar 2019 14:45:29 +0000 [UpgradeWizard] - resetting $_SESSION
Tue, 05 Mar 2019 14:45:41 +0000 [UpgradeWizard] - setting session variables...
Tue, 05 Mar 2019 14:45:41 +0000 [UpgradeWizard] - [At systemCheck.php]
Tue, 05 Mar 2019 14:45:41 +0000 [UpgradeWizard] - Starting file permission check...
Tue, 05 Mar 2019 14:49:27 +0000 [UpgradeWizard] - Finished file permission check.
Tue, 05 Mar 2019 14:49:27 +0000 [UpgradeWizard] - Starting database permissions check...
Tue, 05 Mar 2019 14:49:27 +0000 [UpgradeWizard] - Checking CREATE TABLE permissions...
Tue, 05 Mar 2019 14:49:28 +0000 [UpgradeWizard] - Checking INSERT INTO permissions...
Tue, 05 Mar 2019 14:49:28 +0000 [UpgradeWizard] - Checking UPDATE TABLE permissions...
Tue, 05 Mar 2019 14:49:28 +0000 [UpgradeWizard] - Checking SELECT permissions...
Tue, 05 Mar 2019 14:49:28 +0000 [UpgradeWizard] - Checking DELETE FROM permissions...
Tue, 05 Mar 2019 14:49:28 +0000 [UpgradeWizard] - Checking ALTER TABLE ADD COLUMN permissions...
Tue, 05 Mar 2019 14:49:29 +0000 [UpgradeWizard] - Checking ALTER TABLE CHANGE COLUMN permissions...
Tue, 05 Mar 2019 14:49:30 +0000 [UpgradeWizard] - Checking ALTER TABLE DROP COLUMN permissions...
Tue, 05 Mar 2019 14:49:31 +0000 [UpgradeWizard] - Checking DROP TABLE permissions...
Tue, 05 Mar 2019 14:49:31 +0000 [UpgradeWizard] - No permissions errors found!
Tue, 05 Mar 2019 14:49:31 +0000 [UpgradeWizard] - Finished database permissions check.
